<?xml version="1.0" encoding="UTF-8"?>
<!-- Generated by org.testng.reporters.JUnitReportReporter -->
<testsuite hostname="LAPTOP-AOKP4PNP" failures="0" tests="1" name="testscripts.signin.SigninTest" time="2.421" errors="0" timestamp="2025-04-04T00:13:24 IST" skipped="0">
  <testcase classname="testscripts.signin.SigninTest" name="clickOnSignInButton" time="2.421"/>
  <system-out/>
</testsuite> <!-- testscripts.signin.SigninTest -->
