<?xml version="1.0" encoding="UTF-8"?>
<!-- Generated by org.testng.reporters.JUnitReportReporter -->
<testsuite hostname="LAPTOP-AOKP4PNP" failures="0" tests="1" name="testscripts.men.MenTest" time="4.486" errors="0" timestamp="2025-04-02T22:19:15 IST" skipped="0">
  <testcase classname="testscripts.men.MenTest" name="clickOnMenLink" time="4.486"/>
  <system-out/>
</testsuite> <!-- testscripts.men.MenTest -->
