<?xml version="1.0" encoding="UTF-8"?>
<!-- Generated by org.testng.reporters.JUnitReportReporter -->
<testsuite hostname="LAPTOP-AOKP4PNP" failures="0" tests="1" name="com.automation.org.Demo" time="7.198" errors="0" timestamp="2025-04-01T20:59:52 IST" skipped="0">
  <testcase classname="com.automation.org.Demo" name="clickOnMenLink" time="7.198"/>
</testsuite> <!-- com.automation.org.Demo -->
