<?xml version="1.0" encoding="UTF-8"?>
<!-- Generated by org.testng.reporters.JUnitReportReporter -->
<testsuite hostname="LAPTOP-AOKP4PNP" failures="0" tests="1" name="testscripts.searchastore.TestSearchAStore" time="4.804" errors="0" timestamp="2025-04-02T23:22:01 IST" skipped="0">
  <testcase classname="testscripts.searchastore.TestSearchAStore" name="testsearchAStore" time="4.804"/>
  <system-out/>
</testsuite> <!-- testscripts.searchastore.TestSearchAStore -->
