<?xml version="1.0" encoding="UTF-8"?>
<!-- Generated by org.testng.reporters.JUnitReportReporter -->
<testsuite hostname="LAPTOP-AOKP4PNP" failures="0" tests="1" name="testscripts.gethelp.TestGetHelp" time="0.149" errors="0" timestamp="2025-04-04T00:01:01 IST" skipped="0">
  <testcase classname="testscripts.gethelp.TestGetHelp" name="testGetHelp" time="0.149"/>
  <system-out/>
</testsuite> <!-- testscripts.gethelp.TestGetHelp -->
