<?xml version="1.0" encoding="UTF-8"?>
<!-- Generated by org.testng.reporters.JUnitReportReporter -->
<testsuite hostname="LAPTOP-AOKP4PNP" failures="0" tests="1" name="testscripts.sale.SaleTest" time="4.239" errors="0" timestamp="2025-04-03T22:56:12 IST" skipped="0">
  <testcase classname="testscripts.sale.SaleTest" name="clickOnSaleLink" time="4.239"/>
  <system-out/>
</testsuite> <!-- testscripts.sale.SaleTest -->
