<?xml version="1.0" encoding="UTF-8"?>
<!-- Generated by org.testng.reporters.JUnitReportReporter -->
<testsuite hostname="LAPTOP-AOKP4PNP" failures="0" tests="1" name="testscripts.bag.TestBag" time="2.916" errors="0" timestamp="2025-04-09T22:53:09 IST" skipped="0">
  <testcase classname="testscripts.bag.TestBag" name="clickOnBagLink" time="2.916"/>
  <system-out/>
</testsuite> <!-- testscripts.bag.TestBag -->
