<?xml version="1.0" encoding="UTF-8"?>
<!-- Generated by org.testng.reporters.JUnitReportReporter -->
<testsuite hostname="LAPTOP-AOKP4PNP" failures="0" tests="1" name="testscripts.search.TestSearch" time="3.278" errors="0" timestamp="2025-04-09T23:47:35 IST" skipped="0">
  <testcase classname="testscripts.search.TestSearch" name="TestSearch" time="3.278"/>
  <system-out/>
</testsuite> <!-- testscripts.search.TestSearch -->
