<?xml version="1.0" encoding="UTF-8"?>
<!-- Generated by org.testng.reporters.JUnitReportReporter -->
<testsuite hostname="LAPTOP-AOKP4PNP" failures="0" tests="1" name="testscripts.snkrs.SnkrsTest" time="2.780" errors="0" timestamp="2025-04-03T23:35:51 IST" skipped="0">
  <testcase classname="testscripts.snkrs.SnkrsTest" name="clickOnSnkrsLink" time="2.780"/>
  <system-out/>
</testsuite> <!-- testscripts.snkrs.SnkrsTest -->
