<?xml version="1.0" encoding="UTF-8"?>
<!-- Generated by org.testng.reporters.JUnitReportReporter -->
<testsuite hostname="LAPTOP-AOKP4PNP" failures="0" tests="1" name="testscripts.kids.KidsTest" time="3.459" errors="0" timestamp="2025-04-03T22:50:15 IST" skipped="0">
  <testcase classname="testscripts.kids.KidsTest" name="clickOnKidsLink" time="3.459"/>
  <system-out/>
</testsuite> <!-- testscripts.kids.KidsTest -->
