<?xml version="1.0" encoding="UTF-8"?>
<!-- Generated by org.testng.reporters.JUnitReportReporter -->
<testsuite hostname="LAPTOP-AOKP4PNP" failures="0" tests="1" name="testscripts.women.WomenTest" time="3.317" errors="0" timestamp="2025-04-02T23:28:55 IST" skipped="0">
  <testcase classname="testscripts.women.WomenTest" name="clickOnWomenLink" time="3.317"/>
  <system-out/>
</testsuite> <!-- testscripts.women.WomenTest -->
