<?xml version="1.0" encoding="UTF-8"?>
<!-- Generated by org.testng.reporters.JUnitReportReporter -->
<testsuite hostname="LAPTOP-AOKP4PNP" failures="0" tests="1" name="testscripts.joinus.TestJoinus" time="3.330" errors="0" timestamp="2025-04-09T23:05:15 IST" skipped="0">
  <testcase classname="testscripts.joinus.TestJoinus" name="clickOnJoinUsLink" time="3.330"/>
  <system-out/>
</testsuite> <!-- testscripts.joinus.TestJoinus -->
